<?xml version="1.0" encoding="UTF-8"?>
<!-- Generated by org.testng.reporters.JUnitXMLReporter -->
<testsuite ignored="0" hostname="Ankitas-MacBook-Air.local" failures="0" tests="3" name="HomePageTest" time="15.073" errors="0" timestamp="2025-09-11T19:29:52 IST">
  <testcase classname="com.CRM.TestCase.HomePageTestCase" name="validateCurrentURL" time="0.07"/>
  <testcase classname="com.CRM.TestCase.HomePageTestCase" name="validateTitle" time="0.024"/>
  <testcase classname="com.CRM.TestCase.HomePageTestCase" name="validateSignInPage" time="1.439"/>
</testsuite> <!-- HomePageTest -->
