<?xml version="1.0" encoding="UTF-8"?>
<!-- Generated by org.testng.reporters.JUnitXMLReporter -->
<testsuite ignored="0" hostname="Ankitas-MacBook-Air.local" failures="0" tests="3" name="HomePageTest" time="8.146" errors="0" timestamp="2025-09-14T01:31:38 IST">
  <testcase classname="com.CRM.TestCase.HomePageTestCase" name="validateCurrentURL" time="0.01"/>
  <testcase classname="com.CRM.TestCase.HomePageTestCase" name="validateTitle" time="0.007"/>
  <testcase classname="com.CRM.TestCase.HomePageTestCase" name="validateSignInPage" time="0.95"/>
</testsuite> <!-- HomePageTest -->
