<?xml version="1.0" encoding="UTF-8"?>
<testng-results ignored="0" total="5" passed="5" failed="0" skipped="0">
  <reporter-output>
  </reporter-output>
  <suite started-at="2025-09-14T01:31:30 IST" name="Suite" finished-at="2025-09-14T01:31:46 IST" duration-ms="15896">
    <groups>
    </groups>
    <test started-at="2025-09-14T01:31:30 IST" name="HomePageTest" finished-at="2025-09-14T01:31:38 IST" duration-ms="8146">
      <class name="com.CRM.TestCase.HomePageTestCase">
        <test-method is-config="true" signature="launchBrowser()[pri:0, instance:com.CRM.TestCase.HomePageTestCase@1e802ef9]" started-at="2025-09-14T01:31:30 IST" name="launchBrowser" finished-at="2025-09-14T01:31:36 IST" duration-ms="6455" status="PASS">
          <reporter-output>
          </reporter-output>
        </test-method> <!-- launchBrowser -->
        <test-method signature="validateCurrentURL()[pri:1, instance:com.CRM.TestCase.HomePageTestCase@1e802ef9]" started-at="2025-09-14T01:31:36 IST" name="validateCurrentURL" finished-at="2025-09-14T01:31:36 IST" duration-ms="10" status="PASS">
          <reporter-output>
          </reporter-output>
        </test-method> <!-- validateCurrentURL -->
        <test-method signature="validateTitle()[pri:2, instance:com.CRM.TestCase.HomePageTestCase@1e802ef9]" started-at="2025-09-14T01:31:36 IST" name="validateTitle" finished-at="2025-09-14T01:31:36 IST" duration-ms="7" status="PASS">
          <reporter-output>
          </reporter-output>
        </test-method> <!-- validateTitle -->
        <test-method signature="validateSignInPage()[pri:3, instance:com.CRM.TestCase.HomePageTestCase@1e802ef9]" started-at="2025-09-14T01:31:36 IST" name="validateSignInPage" finished-at="2025-09-14T01:31:37 IST" duration-ms="950" status="PASS">
          <reporter-output>
          </reporter-output>
        </test-method> <!-- validateSignInPage -->
        <test-method is-config="true" signature="closeBrowser()[pri:0, instance:com.CRM.TestCase.HomePageTestCase@1e802ef9]" started-at="2025-09-14T01:31:37 IST" name="closeBrowser" finished-at="2025-09-14T01:31:38 IST" duration-ms="692" status="PASS">
          <reporter-output>
          </reporter-output>
        </test-method> <!-- closeBrowser -->
      </class> <!-- com.CRM.TestCase.HomePageTestCase -->
    </test> <!-- HomePageTest -->
    <test started-at="2025-09-14T01:31:38 IST" name="LoginPageTest" finished-at="2025-09-14T01:31:46 IST" duration-ms="7702">
      <class name="com.CRM.TestCase.LoginPageTestCase">
        <test-method is-config="true" signature="launchBrowser()[pri:0, instance:com.CRM.TestCase.LoginPageTestCase@1622f1b]" started-at="2025-09-14T01:31:38 IST" name="launchBrowser" finished-at="2025-09-14T01:31:43 IST" duration-ms="5105" status="PASS">
          <reporter-output>
          </reporter-output>
        </test-method> <!-- launchBrowser -->
        <test-method is-config="true" signature="accessSignIn()[pri:0, instance:com.CRM.TestCase.LoginPageTestCase@1622f1b]" started-at="2025-09-14T01:31:43 IST" name="accessSignIn" finished-at="2025-09-14T01:31:44 IST" duration-ms="918" status="PASS">
          <reporter-output>
          </reporter-output>
        </test-method> <!-- accessSignIn -->
        <test-method signature="validatelogin()[pri:1, instance:com.CRM.TestCase.LoginPageTestCase@1622f1b]" started-at="2025-09-14T01:31:44 IST" name="validatelogin" finished-at="2025-09-14T01:31:45 IST" duration-ms="604" status="PASS">
          <reporter-output>
          </reporter-output>
        </test-method> <!-- validatelogin -->
        <test-method signature="logout()[pri:2, instance:com.CRM.TestCase.LoginPageTestCase@1622f1b]" started-at="2025-09-14T01:31:45 IST" name="logout" finished-at="2025-09-14T01:31:45 IST" duration-ms="371" status="PASS">
          <reporter-output>
          </reporter-output>
        </test-method> <!-- logout -->
        <test-method is-config="true" signature="closeBrowser()[pri:0, instance:com.CRM.TestCase.LoginPageTestCase@1622f1b]" started-at="2025-09-14T01:31:45 IST" name="closeBrowser" finished-at="2025-09-14T01:31:46 IST" duration-ms="700" status="PASS">
          <reporter-output>
          </reporter-output>
        </test-method> <!-- closeBrowser -->
      </class> <!-- com.CRM.TestCase.LoginPageTestCase -->
    </test> <!-- LoginPageTest -->
  </suite> <!-- Suite -->
</testng-results>
