<?xml version="1.0" encoding="UTF-8"?>
<testng-results ignored="0" total="5" passed="5" failed="0" skipped="0">
  <reporter-output>
  </reporter-output>
  <suite started-at="2025-09-11T19:29:37 IST" name="Suite" finished-at="2025-09-11T19:30:08 IST" duration-ms="30748">
    <groups>
    </groups>
    <test started-at="2025-09-11T19:29:37 IST" name="HomePageTest" finished-at="2025-09-11T19:29:52 IST" duration-ms="15073">
      <class name="com.CRM.TestCase.HomePageTestCase">
        <test-method is-config="true" signature="launchBrowser()[pri:0, instance:com.CRM.TestCase.HomePageTestCase@4802796d]" started-at="2025-09-11T19:29:37 IST" name="launchBrowser" finished-at="2025-09-11T19:29:50 IST" duration-ms="12332" status="PASS">
          <reporter-output>
          </reporter-output>
        </test-method> <!-- launchBrowser -->
        <test-method signature="validateCurrentURL()[pri:1, instance:com.CRM.TestCase.HomePageTestCase@4802796d]" started-at="2025-09-11T19:29:50 IST" name="validateCurrentURL" finished-at="2025-09-11T19:29:50 IST" duration-ms="70" status="PASS">
          <reporter-output>
          </reporter-output>
        </test-method> <!-- validateCurrentURL -->
        <test-method signature="validateTitle()[pri:2, instance:com.CRM.TestCase.HomePageTestCase@4802796d]" started-at="2025-09-11T19:29:50 IST" name="validateTitle" finished-at="2025-09-11T19:29:50 IST" duration-ms="24" status="PASS">
          <reporter-output>
          </reporter-output>
        </test-method> <!-- validateTitle -->
        <test-method signature="validateSignInPage()[pri:3, instance:com.CRM.TestCase.HomePageTestCase@4802796d]" started-at="2025-09-11T19:29:50 IST" name="validateSignInPage" finished-at="2025-09-11T19:29:51 IST" duration-ms="1439" status="PASS">
          <reporter-output>
          </reporter-output>
        </test-method> <!-- validateSignInPage -->
        <test-method is-config="true" signature="closeBrowser()[pri:0, instance:com.CRM.TestCase.HomePageTestCase@4802796d]" started-at="2025-09-11T19:29:51 IST" name="closeBrowser" finished-at="2025-09-11T19:29:52 IST" duration-ms="1083" status="PASS">
          <reporter-output>
          </reporter-output>
        </test-method> <!-- closeBrowser -->
      </class> <!-- com.CRM.TestCase.HomePageTestCase -->
    </test> <!-- HomePageTest -->
    <test started-at="2025-09-11T19:29:53 IST" name="LoginPageTest" finished-at="2025-09-11T19:30:08 IST" duration-ms="15462">
      <class name="com.CRM.TestCase.LoginPageTestCase">
        <test-method is-config="true" signature="launchBrowser()[pri:0, instance:com.CRM.TestCase.LoginPageTestCase@6f03482]" started-at="2025-09-11T19:29:53 IST" name="launchBrowser" finished-at="2025-09-11T19:30:03 IST" duration-ms="10369" status="PASS">
          <reporter-output>
          </reporter-output>
        </test-method> <!-- launchBrowser -->
        <test-method is-config="true" signature="accessSignIn()[pri:0, instance:com.CRM.TestCase.LoginPageTestCase@6f03482]" started-at="2025-09-11T19:30:03 IST" name="accessSignIn" finished-at="2025-09-11T19:30:05 IST" duration-ms="1608" status="PASS">
          <reporter-output>
          </reporter-output>
        </test-method> <!-- accessSignIn -->
        <test-method signature="validatelogin()[pri:1, instance:com.CRM.TestCase.LoginPageTestCase@6f03482]" started-at="2025-09-11T19:30:05 IST" name="validatelogin" finished-at="2025-09-11T19:30:06 IST" duration-ms="1652" status="PASS">
          <reporter-output>
          </reporter-output>
        </test-method> <!-- validatelogin -->
        <test-method signature="logout()[pri:2, instance:com.CRM.TestCase.LoginPageTestCase@6f03482]" started-at="2025-09-11T19:30:06 IST" name="logout" finished-at="2025-09-11T19:30:07 IST" duration-ms="729" status="PASS">
          <reporter-output>
          </reporter-output>
        </test-method> <!-- logout -->
        <test-method is-config="true" signature="closeBrowser()[pri:0, instance:com.CRM.TestCase.LoginPageTestCase@6f03482]" started-at="2025-09-11T19:30:07 IST" name="closeBrowser" finished-at="2025-09-11T19:30:08 IST" duration-ms="1063" status="PASS">
          <reporter-output>
          </reporter-output>
        </test-method> <!-- closeBrowser -->
      </class> <!-- com.CRM.TestCase.LoginPageTestCase -->
    </test> <!-- LoginPageTest -->
  </suite> <!-- Suite -->
</testng-results>
